2025-12-19 00:17:02.447 WARNING (Recorder) [homeassistant.components.recorder.util] The system could not validate that the sqlite3 database at //home/kw37/RASCal-NSDI-26-Artifacts/home-assistant-core/config_7_3/home-assistant_v2.db was shutdown cleanly
2025-12-19 00:17:02.948 WARNING (MainThread) [py.warnings] /home/kw37/RASCal-NSDI-26-Artifacts/home-assistant-core/.venv/lib/python3.11/site-packages/webrtcvad.py:1: UserWarning: pkg_resources is deprecated as an API. See https://setuptools.pypa.io/en/latest/pkg_resources.html. The pkg_resources package is slated for removal as early as 2025-11-30. Refrain from using this package or pin to Setuptools<81.
  import pkg_resources

2025-12-19 00:17:06.130 ERROR (MainThread) [homeassistant.config_entries] Error setting up entry Raspberry Pi Devices for rpi_device
Traceback (most recent call last):
  File "/home/kw37/RASCal-NSDI-26-Artifacts/home-assistant-core/homeassistant/config_entries.py", line 399, in async_setup
    result = await component.async_setup_entry(hass, self)
             ^^^^^^^^^^^^^^^^^^^^^^^^^^^^^^^^^^^^^^^^^^^^^
  File "/home/kw37/RASCal-NSDI-26-Artifacts/home-assistant-core/homeassistant/components/rpi_device/__init__.py", line 57, in async_setup_entry
    devices: list[RaspberryPiDevice] = await Discover.discover_all(hosts)
                                       ^^^^^^^^^^^^^^^^^^^^^^^^^^^^^^^^^^
  File "/home/kw37/RASCal-NSDI-26-Artifacts/home-assistant-core/homeassistant/components/rpi_device/api/discover.py", line 33, in discover_all
    device = await Discover.discover_single(host, port=port)
             ^^^^^^^^^^^^^^^^^^^^^^^^^^^^^^^^^^^^^^^^^^^^^^^
  File "/home/kw37/RASCal-NSDI-26-Artifacts/home-assistant-core/homeassistant/components/rpi_device/api/discover.py", line 52, in discover_single
    info = await device.query(
           ^^^^^^^^^^^^^^^^^^^
  File "/home/kw37/RASCal-NSDI-26-Artifacts/home-assistant-core/homeassistant/components/rpi_device/api/device.py", line 185, in query
    return await self._query(request, retry_count, timeout)
           ^^^^^^^^^^^^^^^^^^^^^^^^^^^^^^^^^^^^^^^^^^^^^^^^
  File "/home/kw37/RASCal-NSDI-26-Artifacts/home-assistant-core/homeassistant/components/rpi_device/api/device.py", line 200, in _query
    await self._connect(timeout)
  File "/home/kw37/RASCal-NSDI-26-Artifacts/home-assistant-core/homeassistant/components/rpi_device/api/device.py", line 271, in _connect
    self.reader, self.writer = await task
                               ^^^^^^^^^^
  File "/home/kw37/.local/share/uv/python/cpython-3.11.4-linux-x86_64-gnu/lib/python3.11/asyncio/streams.py", line 48, in open_connection
    transport, _ = await loop.create_connection(
                   ^^^^^^^^^^^^^^^^^^^^^^^^^^^^^
  File "/home/kw37/.local/share/uv/python/cpython-3.11.4-linux-x86_64-gnu/lib/python3.11/asyncio/base_events.py", line 1069, in create_connection
    sock = await self._connect_sock(
           ^^^^^^^^^^^^^^^^^^^^^^^^^
  File "/home/kw37/.local/share/uv/python/cpython-3.11.4-linux-x86_64-gnu/lib/python3.11/asyncio/base_events.py", line 973, in _connect_sock
    await self.sock_connect(sock, address)
  File "/home/kw37/.local/share/uv/python/cpython-3.11.4-linux-x86_64-gnu/lib/python3.11/asyncio/selector_events.py", line 634, in sock_connect
    return await fut
           ^^^^^^^^^
asyncio.exceptions.CancelledError: Final process shutdown
2025-12-19 00:17:06.134 ERROR (MainThread) [homeassistant.config_entries] Error setting up entry Radio Browser for radio_browser
Traceback (most recent call last):
  File "/home/kw37/RASCal-NSDI-26-Artifacts/home-assistant-core/homeassistant/runner.py", line 186, in run
    return loop.run_until_complete(setup_and_run_hass(runtime_config))
           ^^^^^^^^^^^^^^^^^^^^^^^^^^^^^^^^^^^^^^^^^^^^^^^^^^^^^^^^^^^
  File "/home/kw37/.local/share/uv/python/cpython-3.11.4-linux-x86_64-gnu/lib/python3.11/asyncio/base_events.py", line 640, in run_until_complete
    self.run_forever()
  File "/home/kw37/.local/share/uv/python/cpython-3.11.4-linux-x86_64-gnu/lib/python3.11/asyncio/base_events.py", line 607, in run_forever
    self._run_once()
  File "/home/kw37/.local/share/uv/python/cpython-3.11.4-linux-x86_64-gnu/lib/python3.11/asyncio/base_events.py", line 1922, in _run_once
    handle._run()
  File "/home/kw37/.local/share/uv/python/cpython-3.11.4-linux-x86_64-gnu/lib/python3.11/asyncio/events.py", line 80, in _run
    self._context.run(self._callback, *self._args)
  File "/home/kw37/RASCal-NSDI-26-Artifacts/home-assistant-core/homeassistant/helpers/entity_platform.py", line 757, in _async_add_entity
    await entity.add_to_platform_finish()
  File "/home/kw37/RASCal-NSDI-26-Artifacts/home-assistant-core/homeassistant/helpers/entity.py", line 1031, in add_to_platform_finish
    await self.async_added_to_hass()
  File "/home/kw37/RASCal-NSDI-26-Artifacts/home-assistant-core/homeassistant/components/automation/__init__.py", line 678, in async_added_to_hass
    self._routine = create_routine(
                    ^^^^^^^^^^^^^^^
  File "/home/kw37/RASCal-NSDI-26-Artifacts/home-assistant-core/homeassistant/components/rasc/scheduler.py", line 196, in create_routine
    leaf_nodes = _create_routine(
                 ^^^^^^^^^^^^^^^^
  File "/home/kw37/RASCal-NSDI-26-Artifacts/home-assistant-core/homeassistant/components/rasc/scheduler.py", line 294, in _create_routine
    estimated_stc_sec = rasc.get_action_length_estimate(
                        ^^^^^^^^^^^^^^^^^^^^^^^^^^^^^^^^
  File "/home/kw37/RASCal-NSDI-26-Artifacts/home-assistant-core/homeassistant/components/rasc/abstraction.py", line 162, in get_action_length_estimate
    dist = get_best_distribution(history)
           ^^^^^^^^^^^^^^^^^^^^^^^^^^^^^^
  File "/home/kw37/RASCal-NSDI-26-Artifacts/home-assistant-core/homeassistant/helpers/dynamic_polling.py", line 139, in get_best_distribution
    param = dist.fit(data)
            ^^^^^^^^^^^^^^
  File "/home/kw37/RASCal-NSDI-26-Artifacts/home-assistant-core/.venv/lib/python3.11/site-packages/scipy/stats/_continuous_distns.py", line 3662, in fit
    return super().fit(data, *args, **kwds)
           ^^^^^^^^^^^^^^^^^^^^^^^^^^^^^^^^
  File "/home/kw37/RASCal-NSDI-26-Artifacts/home-assistant-core/.venv/lib/python3.11/site-packages/scipy/stats/_distn_infrastructure.py", line 2759, in fit
    vals = optimizer(func, x0, args=(data,), disp=0)
           ^^^^^^^^^^^^^^^^^^^^^^^^^^^^^^^^^^^^^^^^^
  File "/home/kw37/RASCal-NSDI-26-Artifacts/home-assistant-core/.venv/lib/python3.11/site-packages/scipy/optimize/_optimize.py", line 687, in fmin
    res = _minimize_neldermead(func, x0, args, callback=callback, **opts)
          ^^^^^^^^^^^^^^^^^^^^^^^^^^^^^^^^^^^^^^^^^^^^^^^^^^^^^^^^^^^^^^^
  File "/home/kw37/RASCal-NSDI-26-Artifacts/home-assistant-core/.venv/lib/python3.11/site-packages/scipy/optimize/_optimize.py", line 913, in _minimize_neldermead
    fxcc = func(xcc)
           ^^^^^^^^^
  File "/home/kw37/RASCal-NSDI-26-Artifacts/home-assistant-core/.venv/lib/python3.11/site-packages/scipy/optimize/_optimize.py", line 560, in function_wrapper
    fx = function(np.copy(x), *(wrapper_args + args))
         ^^^^^^^^^^^^^^^^^^^^^^^^^^^^^^^^^^^^^^^^^^^^
  File "/home/kw37/RASCal-NSDI-26-Artifacts/home-assistant-core/.venv/lib/python3.11/site-packages/scipy/stats/_distn_infrastructure.py", line 2433, in _penalized_nnlf
    if not self._argcheck(*args) or scale <= 0:
           ^^^^^^^^^^^^^^^^^^^^^
  File "/home/kw37/RASCal-NSDI-26-Artifacts/home-assistant-core/.venv/lib/python3.11/site-packages/scipy/stats/_distn_infrastructure.py", line 1003, in _argcheck
    cond = logical_and(cond, (asarray(arg) > 0))
           ^^^^^^^^^^^^^^^^^^^^^^^^^^^^^^^^^^^^^
KeyboardInterrupt

During handling of the above exception, another exception occurred:

Traceback (most recent call last):
  File "/home/kw37/RASCal-NSDI-26-Artifacts/home-assistant-core/homeassistant/config_entries.py", line 399, in async_setup
    result = await component.async_setup_entry(hass, self)
             ^^^^^^^^^^^^^^^^^^^^^^^^^^^^^^^^^^^^^^^^^^^^^
  File "/home/kw37/RASCal-NSDI-26-Artifacts/home-assistant-core/homeassistant/components/radio_browser/__init__.py", line 26, in async_setup_entry
    await radios.stats()
  File "/home/kw37/RASCal-NSDI-26-Artifacts/home-assistant-core/.venv/lib/python3.11/site-packages/radios/radio_browser.py", line 124, in stats
    response = await self._request("stats")
               ^^^^^^^^^^^^^^^^^^^^^^^^^^^^
  File "/home/kw37/RASCal-NSDI-26-Artifacts/home-assistant-core/.venv/lib/python3.11/site-packages/backoff/_async.py", line 151, in retry
    ret = await target(*args, **kwargs)
          ^^^^^^^^^^^^^^^^^^^^^^^^^^^^^
  File "/home/kw37/RASCal-NSDI-26-Artifacts/home-assistant-core/.venv/lib/python3.11/site-packages/radios/radio_browser.py", line 89, in _request
    response = await self.session.request(
               ^^^^^^^^^^^^^^^^^^^^^^^^^^^
  File "/home/kw37/RASCal-NSDI-26-Artifacts/home-assistant-core/.venv/lib/python3.11/site-packages/aiohttp/client.py", line 536, in _request
    conn = await self._connector.connect(
           ^^^^^^^^^^^^^^^^^^^^^^^^^^^^^^
  File "/home/kw37/RASCal-NSDI-26-Artifacts/home-assistant-core/.venv/lib/python3.11/site-packages/aiohttp/connector.py", line 540, in connect
    proto = await self._create_connection(req, traces, timeout)
            ^^^^^^^^^^^^^^^^^^^^^^^^^^^^^^^^^^^^^^^^^^^^^^^^^^^
  File "/home/kw37/RASCal-NSDI-26-Artifacts/home-assistant-core/.venv/lib/python3.11/site-packages/aiohttp/connector.py", line 901, in _create_connection
    _, proto = await self._create_direct_connection(req, traces, timeout)
               ^^^^^^^^^^^^^^^^^^^^^^^^^^^^^^^^^^^^^^^^^^^^^^^^^^^^^^^^^^
  File "/home/kw37/RASCal-NSDI-26-Artifacts/home-assistant-core/.venv/lib/python3.11/site-packages/aiohttp/connector.py", line 1178, in _create_direct_connection
    transp, proto = await self._wrap_create_connection(
                    ^^^^^^^^^^^^^^^^^^^^^^^^^^^^^^^^^^^
  File "/home/kw37/RASCal-NSDI-26-Artifacts/home-assistant-core/.venv/lib/python3.11/site-packages/aiohttp/connector.py", line 980, in _wrap_create_connection
    return await self._loop.create_connection(*args, **kwargs)  # type: ignore[return-value]  # noqa
           ^^^^^^^^^^^^^^^^^^^^^^^^^^^^^^^^^^^^^^^^^^^^^^^^^^^
  File "/home/kw37/.local/share/uv/python/cpython-3.11.4-linux-x86_64-gnu/lib/python3.11/asyncio/base_events.py", line 1069, in create_connection
    sock = await self._connect_sock(
           ^^^^^^^^^^^^^^^^^^^^^^^^^
  File "/home/kw37/.local/share/uv/python/cpython-3.11.4-linux-x86_64-gnu/lib/python3.11/asyncio/base_events.py", line 973, in _connect_sock
    await self.sock_connect(sock, address)
  File "/home/kw37/.local/share/uv/python/cpython-3.11.4-linux-x86_64-gnu/lib/python3.11/asyncio/selector_events.py", line 634, in sock_connect
    return await fut
           ^^^^^^^^^
asyncio.exceptions.CancelledError: Final process shutdown
2025-12-19 00:17:06.144 ERROR (MainThread) [root] Uncaught exception
Traceback (most recent call last):
  File "/home/kw37/RASCal-NSDI-26-Artifacts/home-assistant-core/.venv/bin/hass", line 10, in <module>
    sys.exit(main())
             ^^^^^^
  File "/home/kw37/RASCal-NSDI-26-Artifacts/home-assistant-core/homeassistant/__main__.py", line 204, in main
    exit_code = runner.run(runtime_conf)
                ^^^^^^^^^^^^^^^^^^^^^^^^
  File "/home/kw37/RASCal-NSDI-26-Artifacts/home-assistant-core/homeassistant/runner.py", line 189, in run
    _cancel_all_tasks_with_timeout(loop, TASK_CANCELATION_TIMEOUT)
  File "/home/kw37/RASCal-NSDI-26-Artifacts/home-assistant-core/homeassistant/runner.py", line 208, in _cancel_all_tasks_with_timeout
    loop.run_until_complete(asyncio.wait(to_cancel, timeout=timeout))
  File "/home/kw37/.local/share/uv/python/cpython-3.11.4-linux-x86_64-gnu/lib/python3.11/asyncio/base_events.py", line 640, in run_until_complete
    self.run_forever()
  File "/home/kw37/.local/share/uv/python/cpython-3.11.4-linux-x86_64-gnu/lib/python3.11/asyncio/base_events.py", line 607, in run_forever
    self._run_once()
  File "/home/kw37/.local/share/uv/python/cpython-3.11.4-linux-x86_64-gnu/lib/python3.11/asyncio/base_events.py", line 1922, in _run_once
    handle._run()
  File "/home/kw37/.local/share/uv/python/cpython-3.11.4-linux-x86_64-gnu/lib/python3.11/asyncio/events.py", line 80, in _run
    self._context.run(self._callback, *self._args)
  File "/home/kw37/RASCal-NSDI-26-Artifacts/home-assistant-core/homeassistant/setup.py", line 288, in _async_setup_component
    result = await task
             ^^^^^^^^^^
  File "/home/kw37/RASCal-NSDI-26-Artifacts/home-assistant-core/homeassistant/components/automation/__init__.py", line 353, in async_setup
    await _async_process_config(hass, config, component)
  File "/home/kw37/RASCal-NSDI-26-Artifacts/home-assistant-core/homeassistant/components/automation/__init__.py", line 1141, in _async_process_config
    await component.async_add_entities(entities)
  File "/home/kw37/RASCal-NSDI-26-Artifacts/home-assistant-core/homeassistant/helpers/entity_platform.py", line 510, in async_add_entities
    await asyncio.gather(*tasks)
  File "/home/kw37/RASCal-NSDI-26-Artifacts/home-assistant-core/homeassistant/runner.py", line 186, in run
    return loop.run_until_complete(setup_and_run_hass(runtime_config))
           ^^^^^^^^^^^^^^^^^^^^^^^^^^^^^^^^^^^^^^^^^^^^^^^^^^^^^^^^^^^
  File "/home/kw37/.local/share/uv/python/cpython-3.11.4-linux-x86_64-gnu/lib/python3.11/asyncio/base_events.py", line 640, in run_until_complete
    self.run_forever()
  File "/home/kw37/.local/share/uv/python/cpython-3.11.4-linux-x86_64-gnu/lib/python3.11/asyncio/base_events.py", line 607, in run_forever
    self._run_once()
  File "/home/kw37/.local/share/uv/python/cpython-3.11.4-linux-x86_64-gnu/lib/python3.11/asyncio/base_events.py", line 1922, in _run_once
    handle._run()
  File "/home/kw37/.local/share/uv/python/cpython-3.11.4-linux-x86_64-gnu/lib/python3.11/asyncio/events.py", line 80, in _run
    self._context.run(self._callback, *self._args)
  File "/home/kw37/RASCal-NSDI-26-Artifacts/home-assistant-core/homeassistant/helpers/entity_platform.py", line 757, in _async_add_entity
    await entity.add_to_platform_finish()
  File "/home/kw37/RASCal-NSDI-26-Artifacts/home-assistant-core/homeassistant/helpers/entity.py", line 1031, in add_to_platform_finish
    await self.async_added_to_hass()
  File "/home/kw37/RASCal-NSDI-26-Artifacts/home-assistant-core/homeassistant/components/automation/__init__.py", line 678, in async_added_to_hass
    self._routine = create_routine(
                    ^^^^^^^^^^^^^^^
  File "/home/kw37/RASCal-NSDI-26-Artifacts/home-assistant-core/homeassistant/components/rasc/scheduler.py", line 196, in create_routine
    leaf_nodes = _create_routine(
                 ^^^^^^^^^^^^^^^^
  File "/home/kw37/RASCal-NSDI-26-Artifacts/home-assistant-core/homeassistant/components/rasc/scheduler.py", line 294, in _create_routine
    estimated_stc_sec = rasc.get_action_length_estimate(
                        ^^^^^^^^^^^^^^^^^^^^^^^^^^^^^^^^
  File "/home/kw37/RASCal-NSDI-26-Artifacts/home-assistant-core/homeassistant/components/rasc/abstraction.py", line 162, in get_action_length_estimate
    dist = get_best_distribution(history)
           ^^^^^^^^^^^^^^^^^^^^^^^^^^^^^^
  File "/home/kw37/RASCal-NSDI-26-Artifacts/home-assistant-core/homeassistant/helpers/dynamic_polling.py", line 139, in get_best_distribution
    param = dist.fit(data)
            ^^^^^^^^^^^^^^
  File "/home/kw37/RASCal-NSDI-26-Artifacts/home-assistant-core/.venv/lib/python3.11/site-packages/scipy/stats/_continuous_distns.py", line 3662, in fit
    return super().fit(data, *args, **kwds)
           ^^^^^^^^^^^^^^^^^^^^^^^^^^^^^^^^
  File "/home/kw37/RASCal-NSDI-26-Artifacts/home-assistant-core/.venv/lib/python3.11/site-packages/scipy/stats/_distn_infrastructure.py", line 2759, in fit
    vals = optimizer(func, x0, args=(data,), disp=0)
           ^^^^^^^^^^^^^^^^^^^^^^^^^^^^^^^^^^^^^^^^^
  File "/home/kw37/RASCal-NSDI-26-Artifacts/home-assistant-core/.venv/lib/python3.11/site-packages/scipy/optimize/_optimize.py", line 687, in fmin
    res = _minimize_neldermead(func, x0, args, callback=callback, **opts)
          ^^^^^^^^^^^^^^^^^^^^^^^^^^^^^^^^^^^^^^^^^^^^^^^^^^^^^^^^^^^^^^^
  File "/home/kw37/RASCal-NSDI-26-Artifacts/home-assistant-core/.venv/lib/python3.11/site-packages/scipy/optimize/_optimize.py", line 913, in _minimize_neldermead
    fxcc = func(xcc)
           ^^^^^^^^^
  File "/home/kw37/RASCal-NSDI-26-Artifacts/home-assistant-core/.venv/lib/python3.11/site-packages/scipy/optimize/_optimize.py", line 560, in function_wrapper
    fx = function(np.copy(x), *(wrapper_args + args))
         ^^^^^^^^^^^^^^^^^^^^^^^^^^^^^^^^^^^^^^^^^^^^
  File "/home/kw37/RASCal-NSDI-26-Artifacts/home-assistant-core/.venv/lib/python3.11/site-packages/scipy/stats/_distn_infrastructure.py", line 2433, in _penalized_nnlf
    if not self._argcheck(*args) or scale <= 0:
           ^^^^^^^^^^^^^^^^^^^^^
  File "/home/kw37/RASCal-NSDI-26-Artifacts/home-assistant-core/.venv/lib/python3.11/site-packages/scipy/stats/_distn_infrastructure.py", line 1003, in _argcheck
    cond = logical_and(cond, (asarray(arg) > 0))
           ^^^^^^^^^^^^^^^^^^^^^^^^^^^^^^^^^^^^^
KeyboardInterrupt
